SQL> @.\08_grantsequence_TechMarket.sql
SQL> -- ---------------------------------------------------------------------------------------------------------------------------------------------------
SQL> -- Script: 08_grantsequence_TechMarket.sql
SQL> -- Objet : Partage les droits sur les sequences de la base TechMarket
SQL> --
SQL> -- Auteur : CAPITAO Jonathan
SQL> -- Mise à jour des versions
SQL> -- Version  Visa	Date	   Commentaires
SQL> -- -----  ------  --------    ------------------------------------------------------------------------------------------------------------------------
SQL> -- 1.0	  GA   25.11.15    Donner les droits sur les sequences pour l'utilisateur TechMarket_user
SQL> -- ---------------------------------------------------------------------------------------------------------------------------------------------------
SQL> --<ScriptOptions statementTerminator=";"/>
SQL> 
SQL> -- Don des droits sur les sequence de l'utilisateur TechMarket_data
SQL> GRANT SELECT ON seq_cha_id TO TechMarket_user;
GRANT SELECT ON seq_cha_id TO TechMarket_user
                *
ERREUR à la ligne 1 :
ORA-00942: Table ou vue inexistante 


SQL> GRANT SELECT ON seq_cli_id TO TechMarket_user;
GRANT SELECT ON seq_cli_id TO TechMarket_user
                *
ERREUR à la ligne 1 :
ORA-00942: Table ou vue inexistante 


SQL> GRANT SELECT ON seq_com_id TO TechMarket_user;
GRANT SELECT ON seq_com_id TO TechMarket_user
                *
ERREUR à la ligne 1 :
ORA-00942: Table ou vue inexistante 


SQL> GRANT SELECT ON seq_emp_id TO TechMarket_user;
GRANT SELECT ON seq_emp_id TO TechMarket_user
                *
ERREUR à la ligne 1 :
ORA-00942: Table ou vue inexistante 


SQL> GRANT SELECT ON seq_man_id TO TechMarket_user;
GRANT SELECT ON seq_man_id TO TechMarket_user
                *
ERREUR à la ligne 1 :
ORA-00942: Table ou vue inexistante 


SQL> GRANT SELECT ON seq_spc_id TO TechMarket_user;
GRANT SELECT ON seq_spc_id TO TechMarket_user
                *
ERREUR à la ligne 1 :
ORA-00942: Table ou vue inexistante 


SQL> GRANT SELECT ON seq_spv_id TO TechMarket_user;
GRANT SELECT ON seq_spv_id TO TechMarket_user
                *
ERREUR à la ligne 1 :
ORA-00942: Table ou vue inexistante 


SQL> GRANT SELECT ON seq_cmp_id TO TechMarket_user;
GRANT SELECT ON seq_cmp_id TO TechMarket_user
                *
ERREUR à la ligne 1 :
ORA-00942: Table ou vue inexistante 


SQL> GRANT SELECT ON seq_mar_id TO TechMarket_user;
GRANT SELECT ON seq_mar_id TO TechMarket_user
                *
ERREUR à la ligne 1 :
ORA-00942: Table ou vue inexistante 


SQL> GRANT SELECT ON seq_cot_id TO TechMarket_user;
GRANT SELECT ON seq_cot_id TO TechMarket_user
                *
ERREUR à la ligne 1 :
ORA-00942: Table ou vue inexistante 


SQL> SPOOL OFF
